  [1m[35m (494.9ms)[0m  [1m[35mCREATE DATABASE "final-project-back_development" ENCODING = 'unicode'[0m
  ↳ bin/rails:9
  [1m[35m (161.8ms)[0m  [1m[35mCREATE DATABASE "final-project-back_test" ENCODING = 'unicode'[0m
  ↳ bin/rails:9
  [1m[35m (128.3ms)[0m  [1m[35mCREATE TABLE "schema_migrations" ("version" character varying NOT NULL PRIMARY KEY)[0m
  ↳ bin/rails:9
  [1m[35m (10.2ms)[0m  [1m[35mCREATE TABLE "ar_internal_metadata" ("key" character varying NOT NULL PRIMARY KEY, "value" character varying, "created_at" timestamp NOT NULL, "updated_at" timestamp NOT NULL)[0m
  ↳ bin/rails:9
  [1m[35m (2.0ms)[0m  [1m[34mSELECT pg_try_advisory_lock(1758499086549505755)[0m
  ↳ bin/rails:9
  [1m[35m (1.5ms)[0m  [1m[34mSELECT "schema_migrations"."version" FROM "schema_migrations" ORDER BY "schema_migrations"."version" ASC[0m
  ↳ bin/rails:9
Migrating to CreateUsers (20210904114937)
  [1m[35m (4.2ms)[0m  [1m[35mBEGIN[0m
  ↳ bin/rails:9
  [1m[35m (106.6ms)[0m  [1m[35mCREATE TABLE "users" ("id" bigserial primary key, "name" text, "email" text, "password_digest" text)[0m
  ↳ db/migrate/20210904114937_create_users.rb:3
  [1m[36mActiveRecord::SchemaMigration Create (13.4ms)[0m  [1m[32mINSERT INTO "schema_migrations" ("version") VALUES ($1) RETURNING "version"[0m  [["version", "20210904114937"]]
  ↳ bin/rails:9
  [1m[35m (20.1ms)[0m  [1m[35mCOMMIT[0m
  ↳ bin/rails:9
Migrating to CreateTrips (20210904115112)
  [1m[35m (0.7ms)[0m  [1m[35mBEGIN[0m
  ↳ bin/rails:9
  [1m[35m (8.6ms)[0m  [1m[35mCREATE TABLE "trips" ("id" bigserial primary key, "dates" text, "location_id" integer, "user_id" integer)[0m
  ↳ db/migrate/20210904115112_create_trips.rb:3
  [1m[36mActiveRecord::SchemaMigration Create (0.5ms)[0m  [1m[32mINSERT INTO "schema_migrations" ("version") VALUES ($1) RETURNING "version"[0m  [["version", "20210904115112"]]
  ↳ bin/rails:9
  [1m[35m (20.0ms)[0m  [1m[35mCOMMIT[0m
  ↳ bin/rails:9
Migrating to CreateAttendees (20210904115137)
  [1m[35m (142.6ms)[0m  [1m[35mBEGIN[0m
  ↳ bin/rails:9
  [1m[35m (15.8ms)[0m  [1m[35mCREATE TABLE "attendees" ("id" bigserial primary key, "user_id" integer, "trip_id" integer)[0m
  ↳ db/migrate/20210904115137_create_attendees.rb:3
  [1m[36mActiveRecord::SchemaMigration Create (3.7ms)[0m  [1m[32mINSERT INTO "schema_migrations" ("version") VALUES ($1) RETURNING "version"[0m  [["version", "20210904115137"]]
  ↳ bin/rails:9
  [1m[35m (2.2ms)[0m  [1m[35mCOMMIT[0m
  ↳ bin/rails:9
Migrating to CreateLocations (20210904115239)
  [1m[35m (3.9ms)[0m  [1m[35mBEGIN[0m
  ↳ bin/rails:9
  [1m[35m (11.5ms)[0m  [1m[35mCREATE TABLE "locations" ("id" bigserial primary key, "name" text, "user_id" integer, "trip_id" integer, "latitude" decimal, "longitude" decimal)[0m
  ↳ db/migrate/20210904115239_create_locations.rb:3
  [1m[36mActiveRecord::SchemaMigration Create (0.6ms)[0m  [1m[32mINSERT INTO "schema_migrations" ("version") VALUES ($1) RETURNING "version"[0m  [["version", "20210904115239"]]
  ↳ bin/rails:9
  [1m[35m (1.6ms)[0m  [1m[35mCOMMIT[0m
  ↳ bin/rails:9
Migrating to CreateExpenses (20210904115356)
  [1m[35m (1.3ms)[0m  [1m[35mBEGIN[0m
  ↳ bin/rails:9
  [1m[35m (7.3ms)[0m  [1m[35mCREATE TABLE "expenses" ("id" bigserial primary key, "items" text, "cost" text, "user_id" integer)[0m
  ↳ db/migrate/20210904115356_create_expenses.rb:3
  [1m[36mActiveRecord::SchemaMigration Create (0.7ms)[0m  [1m[32mINSERT INTO "schema_migrations" ("version") VALUES ($1) RETURNING "version"[0m  [["version", "20210904115356"]]
  ↳ bin/rails:9
  [1m[35m (0.8ms)[0m  [1m[35mCOMMIT[0m
  ↳ bin/rails:9
  [1m[36mActiveRecord::InternalMetadata Load (0.7ms)[0m  [1m[34mSELECT  "ar_internal_metadata".* FROM "ar_internal_metadata" WHERE "ar_internal_metadata"."key" = $1 LIMIT $2[0m  [["key", "environment"], ["LIMIT", 1]]
  ↳ bin/rails:9
  [1m[35m (0.2ms)[0m  [1m[35mBEGIN[0m
  ↳ bin/rails:9
  [1m[36mActiveRecord::InternalMetadata Create (1.5ms)[0m  [1m[32mINSERT INTO "ar_internal_metadata" ("key", "value", "created_at", "updated_at") VALUES ($1, $2, $3, $4) RETURNING "key"[0m  [["key", "environment"], ["value", "development"], ["created_at", "2021-09-04 13:01:38.188883"], ["updated_at", "2021-09-04 13:01:38.188883"]]
  ↳ bin/rails:9
  [1m[35m (1.7ms)[0m  [1m[35mCOMMIT[0m
  ↳ bin/rails:9
  [1m[35m (0.4ms)[0m  [1m[34mSELECT pg_advisory_unlock(1758499086549505755)[0m
  ↳ bin/rails:9
  [1m[35m (2.0ms)[0m  [1m[34mSELECT "schema_migrations"."version" FROM "schema_migrations" ORDER BY "schema_migrations"."version" ASC[0m
  ↳ bin/rails:9
  [1m[35m (1.4ms)[0m  [1m[34mSELECT "schema_migrations"."version" FROM "schema_migrations" ORDER BY "schema_migrations"."version" ASC[0m
  ↳ bin/rails:9
  [1m[35m (1.4ms)[0m  [1m[34mSELECT "schema_migrations"."version" FROM "schema_migrations" ORDER BY "schema_migrations"."version" ASC[0m
  ↳ bin/rails:9
  [1m[36mUser Load (2.1ms)[0m  [1m[34mSELECT "users".* FROM "users"[0m
  ↳ db/seeds.rb:2
  [1m[35m (0.4ms)[0m  [1m[35mBEGIN[0m
  ↳ db/seeds.rb:3
  [1m[36mUser Exists (0.9ms)[0m  [1m[34mSELECT  1 AS one FROM "users" WHERE "users"."name" = $1 LIMIT $2[0m  [["name", "Rowena"], ["LIMIT", 1]]
  ↳ db/seeds.rb:3
  [1m[36mUser Exists (0.5ms)[0m  [1m[34mSELECT  1 AS one FROM "users" WHERE "users"."email" = $1 LIMIT $2[0m  [["email", "ro@ga.co"], ["LIMIT", 1]]
  ↳ db/seeds.rb:3
  [1m[36mUser Create (1.0ms)[0m  [1m[32mINSERT INTO "users" ("name", "email", "password_digest") VALUES ($1, $2, $3) RETURNING "id"[0m  [["name", "Rowena"], ["email", "ro@ga.co"], ["password_digest", "$2a$12$SgSY8ucG8CfMYs.SneIdFeHFjop8KS3WpE.mr8FcmWFCeAcgJytEq"]]
  ↳ db/seeds.rb:3
  [1m[35m (2.4ms)[0m  [1m[35mCOMMIT[0m
  ↳ db/seeds.rb:3
  [1m[35m (0.4ms)[0m  [1m[35mBEGIN[0m
  ↳ db/seeds.rb:4
  [1m[36mUser Exists (0.7ms)[0m  [1m[34mSELECT  1 AS one FROM "users" WHERE "users"."name" = $1 LIMIT $2[0m  [["name", "Jonesy"], ["LIMIT", 1]]
  ↳ db/seeds.rb:4
  [1m[36mUser Exists (0.7ms)[0m  [1m[34mSELECT  1 AS one FROM "users" WHERE "users"."email" = $1 LIMIT $2[0m  [["email", "jonesy@ga.co"], ["LIMIT", 1]]
  ↳ db/seeds.rb:4
  [1m[36mUser Create (0.5ms)[0m  [1m[32mINSERT INTO "users" ("name", "email", "password_digest") VALUES ($1, $2, $3) RETURNING "id"[0m  [["name", "Jonesy"], ["email", "jonesy@ga.co"], ["password_digest", "$2a$12$1SaAOjosUKZKqdQcKr31suG/C2ORS3e2dn.C3JUxykPSX/aVEfu02"]]
  ↳ db/seeds.rb:4
  [1m[35m (1.0ms)[0m  [1m[35mCOMMIT[0m
  ↳ db/seeds.rb:4
  [1m[35m (0.7ms)[0m  [1m[35mBEGIN[0m
  ↳ db/seeds.rb:5
  [1m[36mUser Exists (0.6ms)[0m  [1m[34mSELECT  1 AS one FROM "users" WHERE "users"."name" = $1 LIMIT $2[0m  [["name", "Greg"], ["LIMIT", 1]]
  ↳ db/seeds.rb:5
  [1m[36mUser Exists (0.4ms)[0m  [1m[34mSELECT  1 AS one FROM "users" WHERE "users"."email" = $1 LIMIT $2[0m  [["email", "greg@ga.co"], ["LIMIT", 1]]
  ↳ db/seeds.rb:5
  [1m[36mUser Create (0.8ms)[0m  [1m[32mINSERT INTO "users" ("name", "email", "password_digest") VALUES ($1, $2, $3) RETURNING "id"[0m  [["name", "Greg"], ["email", "greg@ga.co"], ["password_digest", "$2a$12$ks/Dy1djP0tlKhslk3.AEu04YLyDrAEzwPj43o1KeZhOpmaVZhvGu"]]
  ↳ db/seeds.rb:5
  [1m[35m (1.0ms)[0m  [1m[35mCOMMIT[0m
  ↳ db/seeds.rb:5
  [1m[35m (0.5ms)[0m  [1m[35mBEGIN[0m
  ↳ db/seeds.rb:6
  [1m[36mUser Exists (1.1ms)[0m  [1m[34mSELECT  1 AS one FROM "users" WHERE "users"."name" = $1 LIMIT $2[0m  [["name", "Isabelle"], ["LIMIT", 1]]
  ↳ db/seeds.rb:6
  [1m[36mUser Exists (0.4ms)[0m  [1m[34mSELECT  1 AS one FROM "users" WHERE "users"."email" = $1 LIMIT $2[0m  [["email", "belle@ga.co"], ["LIMIT", 1]]
  ↳ db/seeds.rb:6
  [1m[36mUser Create (0.7ms)[0m  [1m[32mINSERT INTO "users" ("name", "email", "password_digest") VALUES ($1, $2, $3) RETURNING "id"[0m  [["name", "Isabelle"], ["email", "belle@ga.co"], ["password_digest", "$2a$12$a6tso0pKEVw9attqRWpJ/O.I534kqz6spBhO5iy.zA1jooP0LsN3u"]]
  ↳ db/seeds.rb:6
  [1m[35m (0.9ms)[0m  [1m[35mCOMMIT[0m
  ↳ db/seeds.rb:6
  [1m[35m (6.9ms)[0m  [1m[34mSELECT COUNT(*) FROM "users"[0m
  ↳ db/seeds.rb:7
  [1m[36mAttendee Load (3.7ms)[0m  [1m[34mSELECT "attendees".* FROM "attendees"[0m
  ↳ db/seeds.rb:10
  [1m[35m (0.6ms)[0m  [1m[35mBEGIN[0m
  ↳ db/seeds.rb:11
  [1m[36mAttendee Create (0.9ms)[0m  [1m[32mINSERT INTO "attendees" DEFAULT VALUES RETURNING "id"[0m
  ↳ db/seeds.rb:11
  [1m[35m (0.4ms)[0m  [1m[35mCOMMIT[0m
  ↳ db/seeds.rb:11
  [1m[35m (0.2ms)[0m  [1m[35mBEGIN[0m
  ↳ db/seeds.rb:12
  [1m[36mAttendee Create (0.4ms)[0m  [1m[32mINSERT INTO "attendees" DEFAULT VALUES RETURNING "id"[0m
  ↳ db/seeds.rb:12
  [1m[35m (0.5ms)[0m  [1m[35mCOMMIT[0m
  ↳ db/seeds.rb:12
  [1m[35m (2.7ms)[0m  [1m[35mBEGIN[0m
  ↳ db/seeds.rb:13
  [1m[36mAttendee Create (0.4ms)[0m  [1m[32mINSERT INTO "attendees" DEFAULT VALUES RETURNING "id"[0m
  ↳ db/seeds.rb:13
  [1m[35m (28.4ms)[0m  [1m[35mCOMMIT[0m
  ↳ db/seeds.rb:13
  [1m[35m (0.2ms)[0m  [1m[35mBEGIN[0m
  ↳ db/seeds.rb:14
  [1m[36mAttendee Create (0.5ms)[0m  [1m[32mINSERT INTO "attendees" DEFAULT VALUES RETURNING "id"[0m
  ↳ db/seeds.rb:14
  [1m[35m (0.5ms)[0m  [1m[35mCOMMIT[0m
  ↳ db/seeds.rb:14
  [1m[35m (0.4ms)[0m  [1m[34mSELECT COUNT(*) FROM "attendees"[0m
  ↳ db/seeds.rb:15
  [1m[36mLocation Load (4.2ms)[0m  [1m[34mSELECT "locations".* FROM "locations"[0m
  ↳ db/seeds.rb:17
  [1m[35m (0.7ms)[0m  [1m[35mBEGIN[0m
  ↳ db/seeds.rb:18
  [1m[36mLocation Create (7.4ms)[0m  [1m[32mINSERT INTO "locations" ("name") VALUES ($1) RETURNING "id"[0m  [["name", "Orange"]]
  ↳ db/seeds.rb:18
  [1m[35m (0.6ms)[0m  [1m[35mCOMMIT[0m
  ↳ db/seeds.rb:18
  [1m[35m (0.7ms)[0m  [1m[35mBEGIN[0m
  ↳ db/seeds.rb:19
  [1m[36mLocation Create (0.7ms)[0m  [1m[32mINSERT INTO "locations" ("name") VALUES ($1) RETURNING "id"[0m  [["name", "Hunter Valley"]]
  ↳ db/seeds.rb:19
  [1m[35m (0.5ms)[0m  [1m[35mCOMMIT[0m
  ↳ db/seeds.rb:19
  [1m[35m (0.4ms)[0m  [1m[35mBEGIN[0m
  ↳ db/seeds.rb:20
  [1m[36mLocation Create (0.5ms)[0m  [1m[32mINSERT INTO "locations" ("name") VALUES ($1) RETURNING "id"[0m  [["name", "Dubbo"]]
  ↳ db/seeds.rb:20
  [1m[35m (0.8ms)[0m  [1m[35mCOMMIT[0m
  ↳ db/seeds.rb:20
  [1m[35m (0.7ms)[0m  [1m[35mBEGIN[0m
  ↳ db/seeds.rb:21
  [1m[36mLocation Create (0.5ms)[0m  [1m[32mINSERT INTO "locations" ("name") VALUES ($1) RETURNING "id"[0m  [["name", "Byron Bay"]]
  ↳ db/seeds.rb:21
  [1m[35m (0.6ms)[0m  [1m[35mCOMMIT[0m
  ↳ db/seeds.rb:21
  [1m[35m (0.7ms)[0m  [1m[34mSELECT COUNT(*) FROM "locations"[0m
  ↳ db/seeds.rb:22
  [1m[36mTrip Load (3.4ms)[0m  [1m[34mSELECT "trips".* FROM "trips"[0m
  ↳ db/seeds.rb:24
  [1m[35m (0.3ms)[0m  [1m[35mBEGIN[0m
  ↳ db/seeds.rb:25
  [1m[36mTrip Create (78.3ms)[0m  [1m[32mINSERT INTO "trips" ("dates") VALUES ($1) RETURNING "id"[0m  [["dates", "24/10/2021 - 31/10/2021"]]
  ↳ db/seeds.rb:25
  [1m[35m (1.7ms)[0m  [1m[35mCOMMIT[0m
  ↳ db/seeds.rb:25
  [1m[35m (1.3ms)[0m  [1m[35mBEGIN[0m
  ↳ db/seeds.rb:26
  [1m[36mTrip Create (0.4ms)[0m  [1m[32mINSERT INTO "trips" ("dates") VALUES ($1) RETURNING "id"[0m  [["dates", "20/11/2021 - 24/11/2021"]]
  ↳ db/seeds.rb:26
  [1m[35m (3.9ms)[0m  [1m[35mCOMMIT[0m
  ↳ db/seeds.rb:26
  [1m[35m (0.2ms)[0m  [1m[35mBEGIN[0m
  ↳ db/seeds.rb:27
  [1m[36mTrip Create (2.9ms)[0m  [1m[32mINSERT INTO "trips" ("dates") VALUES ($1) RETURNING "id"[0m  [["dates", "24/12/2021 - 31/12/2021"]]
  ↳ db/seeds.rb:27
  [1m[35m (0.5ms)[0m  [1m[35mCOMMIT[0m
  ↳ db/seeds.rb:27
  [1m[35m (0.2ms)[0m  [1m[35mBEGIN[0m
  ↳ db/seeds.rb:28
  [1m[36mTrip Create (0.5ms)[0m  [1m[32mINSERT INTO "trips" ("dates") VALUES ($1) RETURNING "id"[0m  [["dates", "24/01/2022 - 27/01/2022"]]
  ↳ db/seeds.rb:28
  [1m[35m (0.5ms)[0m  [1m[35mCOMMIT[0m
  ↳ db/seeds.rb:28
  [1m[35m (0.3ms)[0m  [1m[34mSELECT COUNT(*) FROM "attendees"[0m
  ↳ db/seeds.rb:29
  [1m[35m (1.3ms)[0m  [1m[34mSELECT "schema_migrations"."version" FROM "schema_migrations" ORDER BY "schema_migrations"."version" ASC[0m
  ↳ bin/rails:9
  [1m[36mUser Load (1.7ms)[0m  [1m[34mSELECT "users".* FROM "users"[0m
  ↳ db/seeds.rb:2
  [1m[35m (0.5ms)[0m  [1m[35mBEGIN[0m
  ↳ db/seeds.rb:2
  [1m[36mUser Destroy (6.7ms)[0m  [1m[31mDELETE FROM "users" WHERE "users"."id" = $1[0m  [["id", 1]]
  ↳ db/seeds.rb:2
  [1m[35m (1.1ms)[0m  [1m[35mCOMMIT[0m
  ↳ db/seeds.rb:2
  [1m[35m (3.5ms)[0m  [1m[35mBEGIN[0m
  ↳ db/seeds.rb:2
  [1m[36mUser Destroy (65.3ms)[0m  [1m[31mDELETE FROM "users" WHERE "users"."id" = $1[0m  [["id", 2]]
  ↳ db/seeds.rb:2
  [1m[35m (21.5ms)[0m  [1m[35mCOMMIT[0m
  ↳ db/seeds.rb:2
  [1m[35m (0.2ms)[0m  [1m[35mBEGIN[0m
  ↳ db/seeds.rb:2
  [1m[36mUser Destroy (0.4ms)[0m  [1m[31mDELETE FROM "users" WHERE "users"."id" = $1[0m  [["id", 3]]
  ↳ db/seeds.rb:2
  [1m[35m (0.6ms)[0m  [1m[35mCOMMIT[0m
  ↳ db/seeds.rb:2
  [1m[35m (0.1ms)[0m  [1m[35mBEGIN[0m
  ↳ db/seeds.rb:2
  [1m[36mUser Destroy (0.8ms)[0m  [1m[31mDELETE FROM "users" WHERE "users"."id" = $1[0m  [["id", 4]]
  ↳ db/seeds.rb:2
  [1m[35m (0.5ms)[0m  [1m[35mCOMMIT[0m
  ↳ db/seeds.rb:2
  [1m[35m (0.3ms)[0m  [1m[35mBEGIN[0m
  ↳ db/seeds.rb:3
  [1m[36mUser Exists (0.6ms)[0m  [1m[34mSELECT  1 AS one FROM "users" WHERE "users"."name" = $1 LIMIT $2[0m  [["name", "Rowena"], ["LIMIT", 1]]
  ↳ db/seeds.rb:3
  [1m[36mUser Exists (0.4ms)[0m  [1m[34mSELECT  1 AS one FROM "users" WHERE "users"."email" = $1 LIMIT $2[0m  [["email", "ro@ga.co"], ["LIMIT", 1]]
  ↳ db/seeds.rb:3
  [1m[36mUser Create (0.6ms)[0m  [1m[32mINSERT INTO "users" ("name", "email", "password_digest") VALUES ($1, $2, $3) RETURNING "id"[0m  [["name", "Rowena"], ["email", "ro@ga.co"], ["password_digest", "$2a$12$Kb45sw7g3wl6gHNLh.b09.4Mmay8F6GnzyrqGA.EuaJDCBw4h2MGq"]]
  ↳ db/seeds.rb:3
  [1m[35m (1.0ms)[0m  [1m[35mCOMMIT[0m
  ↳ db/seeds.rb:3
  [1m[35m (0.7ms)[0m  [1m[35mBEGIN[0m
  ↳ db/seeds.rb:4
  [1m[36mUser Exists (0.7ms)[0m  [1m[34mSELECT  1 AS one FROM "users" WHERE "users"."name" = $1 LIMIT $2[0m  [["name", "Jonesy"], ["LIMIT", 1]]
  ↳ db/seeds.rb:4
  [1m[36mUser Exists (0.4ms)[0m  [1m[34mSELECT  1 AS one FROM "users" WHERE "users"."email" = $1 LIMIT $2[0m  [["email", "jonesy@ga.co"], ["LIMIT", 1]]
  ↳ db/seeds.rb:4
  [1m[36mUser Create (0.6ms)[0m  [1m[32mINSERT INTO "users" ("name", "email", "password_digest") VALUES ($1, $2, $3) RETURNING "id"[0m  [["name", "Jonesy"], ["email", "jonesy@ga.co"], ["password_digest", "$2a$12$LT9TDfR2pvM88U1zJB2im.FHGiMHWISnNxSB8.gBJ/TcXhxO7QkhK"]]
  ↳ db/seeds.rb:4
  [1m[35m (0.9ms)[0m  [1m[35mCOMMIT[0m
  ↳ db/seeds.rb:4
  [1m[35m (0.2ms)[0m  [1m[35mBEGIN[0m
  ↳ db/seeds.rb:5
  [1m[36mUser Exists (0.6ms)[0m  [1m[34mSELECT  1 AS one FROM "users" WHERE "users"."name" = $1 LIMIT $2[0m  [["name", "Greg"], ["LIMIT", 1]]
  ↳ db/seeds.rb:5
  [1m[36mUser Exists (0.5ms)[0m  [1m[34mSELECT  1 AS one FROM "users" WHERE "users"."email" = $1 LIMIT $2[0m  [["email", "greg@ga.co"], ["LIMIT", 1]]
  ↳ db/seeds.rb:5
  [1m[36mUser Create (0.5ms)[0m  [1m[32mINSERT INTO "users" ("name", "email", "password_digest") VALUES ($1, $2, $3) RETURNING "id"[0m  [["name", "Greg"], ["email", "greg@ga.co"], ["password_digest", "$2a$12$uoFDkYVBFCCDcSRgqelsvOjId36bDShn0yUO8rn0B6qsJW88jnzv."]]
  ↳ db/seeds.rb:5
  [1m[35m (1.0ms)[0m  [1m[35mCOMMIT[0m
  ↳ db/seeds.rb:5
  [1m[35m (0.2ms)[0m  [1m[35mBEGIN[0m
  ↳ db/seeds.rb:6
  [1m[36mUser Exists (0.4ms)[0m  [1m[34mSELECT  1 AS one FROM "users" WHERE "users"."name" = $1 LIMIT $2[0m  [["name", "Isabelle"], ["LIMIT", 1]]
  ↳ db/seeds.rb:6
  [1m[36mUser Exists (0.6ms)[0m  [1m[34mSELECT  1 AS one FROM "users" WHERE "users"."email" = $1 LIMIT $2[0m  [["email", "belle@ga.co"], ["LIMIT", 1]]
  ↳ db/seeds.rb:6
  [1m[36mUser Create (0.5ms)[0m  [1m[32mINSERT INTO "users" ("name", "email", "password_digest") VALUES ($1, $2, $3) RETURNING "id"[0m  [["name", "Isabelle"], ["email", "belle@ga.co"], ["password_digest", "$2a$12$D64oQtWi5z6GJNx.FeKca./IPjbUejKko34NUJ.bbDwmWNtrt0g8m"]]
  ↳ db/seeds.rb:6
  [1m[35m (0.9ms)[0m  [1m[35mCOMMIT[0m
  ↳ db/seeds.rb:6
  [1m[35m (0.5ms)[0m  [1m[34mSELECT COUNT(*) FROM "users"[0m
  ↳ db/seeds.rb:7
  [1m[36mAttendee Load (0.8ms)[0m  [1m[34mSELECT "attendees".* FROM "attendees"[0m
  ↳ db/seeds.rb:10
  [1m[35m (0.2ms)[0m  [1m[35mBEGIN[0m
  ↳ db/seeds.rb:10
  [1m[36mAttendee Destroy (0.5ms)[0m  [1m[31mDELETE FROM "attendees" WHERE "attendees"."id" = $1[0m  [["id", 1]]
  ↳ db/seeds.rb:10
  [1m[35m (0.5ms)[0m  [1m[35mCOMMIT[0m
  ↳ db/seeds.rb:10
  [1m[35m (0.1ms)[0m  [1m[35mBEGIN[0m
  ↳ db/seeds.rb:10
  [1m[36mAttendee Destroy (0.3ms)[0m  [1m[31mDELETE FROM "attendees" WHERE "attendees"."id" = $1[0m  [["id", 2]]
  ↳ db/seeds.rb:10
  [1m[35m (0.5ms)[0m  [1m[35mCOMMIT[0m
  ↳ db/seeds.rb:10
  [1m[35m (0.2ms)[0m  [1m[35mBEGIN[0m
  ↳ db/seeds.rb:10
  [1m[36mAttendee Destroy (0.4ms)[0m  [1m[31mDELETE FROM "attendees" WHERE "attendees"."id" = $1[0m  [["id", 3]]
  ↳ db/seeds.rb:10
  [1m[35m (0.5ms)[0m  [1m[35mCOMMIT[0m
  ↳ db/seeds.rb:10
  [1m[35m (0.3ms)[0m  [1m[35mBEGIN[0m
  ↳ db/seeds.rb:10
  [1m[36mAttendee Destroy (0.4ms)[0m  [1m[31mDELETE FROM "attendees" WHERE "attendees"."id" = $1[0m  [["id", 4]]
  ↳ db/seeds.rb:10
  [1m[35m (0.4ms)[0m  [1m[35mCOMMIT[0m
  ↳ db/seeds.rb:10
  [1m[35m (0.2ms)[0m  [1m[35mBEGIN[0m
  ↳ db/seeds.rb:11
  [1m[36mAttendee Create (0.5ms)[0m  [1m[32mINSERT INTO "attendees" DEFAULT VALUES RETURNING "id"[0m
  ↳ db/seeds.rb:11
  [1m[35m (0.5ms)[0m  [1m[35mCOMMIT[0m
  ↳ db/seeds.rb:11
  [1m[35m (0.3ms)[0m  [1m[35mBEGIN[0m
  ↳ db/seeds.rb:12
  [1m[36mAttendee Create (0.5ms)[0m  [1m[32mINSERT INTO "attendees" DEFAULT VALUES RETURNING "id"[0m
  ↳ db/seeds.rb:12
  [1m[35m (0.5ms)[0m  [1m[35mCOMMIT[0m
  ↳ db/seeds.rb:12
  [1m[35m (1.2ms)[0m  [1m[35mBEGIN[0m
  ↳ db/seeds.rb:13
  [1m[36mAttendee Create (8.6ms)[0m  [1m[32mINSERT INTO "attendees" DEFAULT VALUES RETURNING "id"[0m
  ↳ db/seeds.rb:13
  [1m[35m (0.6ms)[0m  [1m[35mCOMMIT[0m
  ↳ db/seeds.rb:13
  [1m[35m (0.3ms)[0m  [1m[35mBEGIN[0m
  ↳ db/seeds.rb:14
  [1m[36mAttendee Create (0.5ms)[0m  [1m[32mINSERT INTO "attendees" DEFAULT VALUES RETURNING "id"[0m
  ↳ db/seeds.rb:14
  [1m[35m (0.5ms)[0m  [1m[35mCOMMIT[0m
  ↳ db/seeds.rb:14
  [1m[35m (0.5ms)[0m  [1m[34mSELECT COUNT(*) FROM "attendees"[0m
  ↳ db/seeds.rb:15
  [1m[36mLocation Load (1.1ms)[0m  [1m[34mSELECT "locations".* FROM "locations"[0m
  ↳ db/seeds.rb:17
  [1m[35m (0.2ms)[0m  [1m[35mBEGIN[0m
  ↳ db/seeds.rb:17
  [1m[36mLocation Destroy (0.7ms)[0m  [1m[31mDELETE FROM "locations" WHERE "locations"."id" = $1[0m  [["id", 1]]
  ↳ db/seeds.rb:17
  [1m[35m (0.6ms)[0m  [1m[35mCOMMIT[0m
  ↳ db/seeds.rb:17
  [1m[35m (0.4ms)[0m  [1m[35mBEGIN[0m
  ↳ db/seeds.rb:17
  [1m[36mLocation Destroy (0.4ms)[0m  [1m[31mDELETE FROM "locations" WHERE "locations"."id" = $1[0m  [["id", 2]]
  ↳ db/seeds.rb:17
  [1m[35m (0.5ms)[0m  [1m[35mCOMMIT[0m
  ↳ db/seeds.rb:17
  [1m[35m (0.4ms)[0m  [1m[35mBEGIN[0m
  ↳ db/seeds.rb:17
  [1m[36mLocation Destroy (0.4ms)[0m  [1m[31mDELETE FROM "locations" WHERE "locations"."id" = $1[0m  [["id", 3]]
  ↳ db/seeds.rb:17
  [1m[35m (0.6ms)[0m  [1m[35mCOMMIT[0m
  ↳ db/seeds.rb:17
  [1m[35m (0.3ms)[0m  [1m[35mBEGIN[0m
  ↳ db/seeds.rb:17
  [1m[36mLocation Destroy (0.5ms)[0m  [1m[31mDELETE FROM "locations" WHERE "locations"."id" = $1[0m  [["id", 4]]
  ↳ db/seeds.rb:17
  [1m[35m (0.5ms)[0m  [1m[35mCOMMIT[0m
  ↳ db/seeds.rb:17
  [1m[35m (0.2ms)[0m  [1m[35mBEGIN[0m
  ↳ db/seeds.rb:18
  [1m[36mLocation Create (1.0ms)[0m  [1m[32mINSERT INTO "locations" ("name") VALUES ($1) RETURNING "id"[0m  [["name", "Orange"]]
  ↳ db/seeds.rb:18
  [1m[35m (0.7ms)[0m  [1m[35mCOMMIT[0m
  ↳ db/seeds.rb:18
  [1m[35m (0.3ms)[0m  [1m[35mBEGIN[0m
  ↳ db/seeds.rb:19
  [1m[36mLocation Create (0.4ms)[0m  [1m[32mINSERT INTO "locations" ("name") VALUES ($1) RETURNING "id"[0m  [["name", "Hunter Valley"]]
  ↳ db/seeds.rb:19
  [1m[35m (0.5ms)[0m  [1m[35mCOMMIT[0m
  ↳ db/seeds.rb:19
  [1m[35m (0.2ms)[0m  [1m[35mBEGIN[0m
  ↳ db/seeds.rb:20
  [1m[36mLocation Create (0.5ms)[0m  [1m[32mINSERT INTO "locations" ("name") VALUES ($1) RETURNING "id"[0m  [["name", "Dubbo"]]
  ↳ db/seeds.rb:20
  [1m[35m (0.6ms)[0m  [1m[35mCOMMIT[0m
  ↳ db/seeds.rb:20
  [1m[35m (0.3ms)[0m  [1m[35mBEGIN[0m
  ↳ db/seeds.rb:21
  [1m[36mLocation Create (0.5ms)[0m  [1m[32mINSERT INTO "locations" ("name") VALUES ($1) RETURNING "id"[0m  [["name", "Byron Bay"]]
  ↳ db/seeds.rb:21
  [1m[35m (0.9ms)[0m  [1m[35mCOMMIT[0m
  ↳ db/seeds.rb:21
  [1m[35m (0.5ms)[0m  [1m[34mSELECT COUNT(*) FROM "locations"[0m
  ↳ db/seeds.rb:22
  [1m[36mTrip Load (0.6ms)[0m  [1m[34mSELECT "trips".* FROM "trips"[0m
  ↳ db/seeds.rb:24
  [1m[35m (0.2ms)[0m  [1m[35mBEGIN[0m
  ↳ db/seeds.rb:24
  [1m[36mTrip Destroy (0.6ms)[0m  [1m[31mDELETE FROM "trips" WHERE "trips"."id" = $1[0m  [["id", 1]]
  ↳ db/seeds.rb:24
  [1m[35m (0.5ms)[0m  [1m[35mCOMMIT[0m
  ↳ db/seeds.rb:24
  [1m[35m (0.3ms)[0m  [1m[35mBEGIN[0m
  ↳ db/seeds.rb:24
  [1m[36mTrip Destroy (0.5ms)[0m  [1m[31mDELETE FROM "trips" WHERE "trips"."id" = $1[0m  [["id", 2]]
  ↳ db/seeds.rb:24
  [1m[35m (0.5ms)[0m  [1m[35mCOMMIT[0m
  ↳ db/seeds.rb:24
  [1m[35m (0.2ms)[0m  [1m[35mBEGIN[0m
  ↳ db/seeds.rb:24
  [1m[36mTrip Destroy (0.3ms)[0m  [1m[31mDELETE FROM "trips" WHERE "trips"."id" = $1[0m  [["id", 3]]
  ↳ db/seeds.rb:24
  [1m[35m (0.6ms)[0m  [1m[35mCOMMIT[0m
  ↳ db/seeds.rb:24
  [1m[35m (0.2ms)[0m  [1m[35mBEGIN[0m
  ↳ db/seeds.rb:24
  [1m[36mTrip Destroy (0.4ms)[0m  [1m[31mDELETE FROM "trips" WHERE "trips"."id" = $1[0m  [["id", 4]]
  ↳ db/seeds.rb:24
  [1m[35m (0.5ms)[0m  [1m[35mCOMMIT[0m
  ↳ db/seeds.rb:24
  [1m[35m (0.2ms)[0m  [1m[35mBEGIN[0m
  ↳ db/seeds.rb:25
  [1m[36mTrip Create (0.5ms)[0m  [1m[32mINSERT INTO "trips" ("dates") VALUES ($1) RETURNING "id"[0m  [["dates", "24/10/2021 - 31/10/2021"]]
  ↳ db/seeds.rb:25
  [1m[35m (0.4ms)[0m  [1m[35mCOMMIT[0m
  ↳ db/seeds.rb:25
  [1m[35m (0.2ms)[0m  [1m[35mBEGIN[0m
  ↳ db/seeds.rb:26
  [1m[36mTrip Create (0.5ms)[0m  [1m[32mINSERT INTO "trips" ("dates") VALUES ($1) RETURNING "id"[0m  [["dates", "20/11/2021 - 24/11/2021"]]
  ↳ db/seeds.rb:26
  [1m[35m (0.5ms)[0m  [1m[35mCOMMIT[0m
  ↳ db/seeds.rb:26
  [1m[35m (0.2ms)[0m  [1m[35mBEGIN[0m
  ↳ db/seeds.rb:27
  [1m[36mTrip Create (0.5ms)[0m  [1m[32mINSERT INTO "trips" ("dates") VALUES ($1) RETURNING "id"[0m  [["dates", "24/12/2021 - 31/12/2021"]]
  ↳ db/seeds.rb:27
  [1m[35m (0.6ms)[0m  [1m[35mCOMMIT[0m
  ↳ db/seeds.rb:27
  [1m[35m (0.2ms)[0m  [1m[35mBEGIN[0m
  ↳ db/seeds.rb:28
  [1m[36mTrip Create (0.4ms)[0m  [1m[32mINSERT INTO "trips" ("dates") VALUES ($1) RETURNING "id"[0m  [["dates", "24/01/2022 - 27/01/2022"]]
  ↳ db/seeds.rb:28
  [1m[35m (0.5ms)[0m  [1m[35mCOMMIT[0m
  ↳ db/seeds.rb:28
  [1m[35m (0.4ms)[0m  [1m[34mSELECT COUNT(*) FROM "trips"[0m
  ↳ db/seeds.rb:29
  [1m[35m (1.4ms)[0m  [1m[34mSELECT "schema_migrations"."version" FROM "schema_migrations" ORDER BY "schema_migrations"."version" ASC[0m
  ↳ bin/rails:9
  [1m[36mUser Load (5.0ms)[0m  [1m[34mSELECT "users".* FROM "users"[0m
  ↳ db/seeds.rb:2
  [1m[35m (0.3ms)[0m  [1m[35mBEGIN[0m
  ↳ db/seeds.rb:2
  [1m[36mUser Destroy (6.7ms)[0m  [1m[31mDELETE FROM "users" WHERE "users"."id" = $1[0m  [["id", 5]]
  ↳ db/seeds.rb:2
  [1m[35m (66.8ms)[0m  [1m[35mCOMMIT[0m
  ↳ db/seeds.rb:2
  [1m[35m (0.2ms)[0m  [1m[35mBEGIN[0m
  ↳ db/seeds.rb:2
  [1m[36mUser Destroy (31.6ms)[0m  [1m[31mDELETE FROM "users" WHERE "users"."id" = $1[0m  [["id", 6]]
  ↳ db/seeds.rb:2
  [1m[35m (29.4ms)[0m  [1m[35mCOMMIT[0m
  ↳ db/seeds.rb:2
  [1m[35m (0.2ms)[0m  [1m[35mBEGIN[0m
  ↳ db/seeds.rb:2
  [1m[36mUser Destroy (0.5ms)[0m  [1m[31mDELETE FROM "users" WHERE "users"."id" = $1[0m  [["id", 7]]
  ↳ db/seeds.rb:2
  [1m[35m (0.5ms)[0m  [1m[35mCOMMIT[0m
  ↳ db/seeds.rb:2
  [1m[35m (0.1ms)[0m  [1m[35mBEGIN[0m
  ↳ db/seeds.rb:2
  [1m[36mUser Destroy (0.3ms)[0m  [1m[31mDELETE FROM "users" WHERE "users"."id" = $1[0m  [["id", 8]]
  ↳ db/seeds.rb:2
  [1m[35m (0.4ms)[0m  [1m[35mCOMMIT[0m
  ↳ db/seeds.rb:2
  [1m[35m (0.4ms)[0m  [1m[35mBEGIN[0m
  ↳ db/seeds.rb:3
  [1m[36mUser Exists (0.6ms)[0m  [1m[34mSELECT  1 AS one FROM "users" WHERE "users"."name" = $1 LIMIT $2[0m  [["name", "Rowena"], ["LIMIT", 1]]
  ↳ db/seeds.rb:3
  [1m[36mUser Exists (0.7ms)[0m  [1m[34mSELECT  1 AS one FROM "users" WHERE "users"."email" = $1 LIMIT $2[0m  [["email", "ro@ga.co"], ["LIMIT", 1]]
  ↳ db/seeds.rb:3
  [1m[36mUser Create (0.7ms)[0m  [1m[32mINSERT INTO "users" ("name", "email", "password_digest") VALUES ($1, $2, $3) RETURNING "id"[0m  [["name", "Rowena"], ["email", "ro@ga.co"], ["password_digest", "$2a$12$LuInc4LmfRX.Rf6xallnD.KoieLK6ceRNehiL9lmDTunLOXZ1l47y"]]
  ↳ db/seeds.rb:3
  [1m[35m (0.7ms)[0m  [1m[35mCOMMIT[0m
  ↳ db/seeds.rb:3
  [1m[35m (0.3ms)[0m  [1m[35mBEGIN[0m
  ↳ db/seeds.rb:4
  [1m[36mUser Exists (0.5ms)[0m  [1m[34mSELECT  1 AS one FROM "users" WHERE "users"."name" = $1 LIMIT $2[0m  [["name", "Jonesy"], ["LIMIT", 1]]
  ↳ db/seeds.rb:4
  [1m[36mUser Exists (0.5ms)[0m  [1m[34mSELECT  1 AS one FROM "users" WHERE "users"."email" = $1 LIMIT $2[0m  [["email", "jonesy@ga.co"], ["LIMIT", 1]]
  ↳ db/seeds.rb:4
  [1m[36mUser Create (0.5ms)[0m  [1m[32mINSERT INTO "users" ("name", "email", "password_digest") VALUES ($1, $2, $3) RETURNING "id"[0m  [["name", "Jonesy"], ["email", "jonesy@ga.co"], ["password_digest", "$2a$12$30iYXA3G4OHbCDpjllJQPeB2y/2noU.bLPqzF.CEwvaOpb5RyaFeq"]]
  ↳ db/seeds.rb:4
  [1m[35m (0.8ms)[0m  [1m[35mCOMMIT[0m
  ↳ db/seeds.rb:4
  [1m[35m (0.2ms)[0m  [1m[35mBEGIN[0m
  ↳ db/seeds.rb:5
  [1m[36mUser Exists (0.4ms)[0m  [1m[34mSELECT  1 AS one FROM "users" WHERE "users"."name" = $1 LIMIT $2[0m  [["name", "Greg"], ["LIMIT", 1]]
  ↳ db/seeds.rb:5
  [1m[36mUser Exists (0.5ms)[0m  [1m[34mSELECT  1 AS one FROM "users" WHERE "users"."email" = $1 LIMIT $2[0m  [["email", "greg@ga.co"], ["LIMIT", 1]]
  ↳ db/seeds.rb:5
  [1m[36mUser Create (0.7ms)[0m  [1m[32mINSERT INTO "users" ("name", "email", "password_digest") VALUES ($1, $2, $3) RETURNING "id"[0m  [["name", "Greg"], ["email", "greg@ga.co"], ["password_digest", "$2a$12$GkVGSpMA/Gmz3saZQPeD7OLqRn.Rih3eUHWtPTsDaDT5FrlakPTdO"]]
  ↳ db/seeds.rb:5
  [1m[35m (0.9ms)[0m  [1m[35mCOMMIT[0m
  ↳ db/seeds.rb:5
  [1m[35m (0.3ms)[0m  [1m[35mBEGIN[0m
  ↳ db/seeds.rb:6
  [1m[36mUser Exists (0.5ms)[0m  [1m[34mSELECT  1 AS one FROM "users" WHERE "users"."name" = $1 LIMIT $2[0m  [["name", "Isabelle"], ["LIMIT", 1]]
  ↳ db/seeds.rb:6
  [1m[36mUser Exists (0.5ms)[0m  [1m[34mSELECT  1 AS one FROM "users" WHERE "users"."email" = $1 LIMIT $2[0m  [["email", "belle@ga.co"], ["LIMIT", 1]]
  ↳ db/seeds.rb:6
  [1m[36mUser Create (0.5ms)[0m  [1m[32mINSERT INTO "users" ("name", "email", "password_digest") VALUES ($1, $2, $3) RETURNING "id"[0m  [["name", "Isabelle"], ["email", "belle@ga.co"], ["password_digest", "$2a$12$YDn0Ai/rEnUqZGJWZLxoY..mPY9epX4FQI5XPDQ7ylH/eQ/Md7hCu"]]
  ↳ db/seeds.rb:6
  [1m[35m (1.2ms)[0m  [1m[35mCOMMIT[0m
  ↳ db/seeds.rb:6
  [1m[35m (0.6ms)[0m  [1m[34mSELECT COUNT(*) FROM "users"[0m
  ↳ db/seeds.rb:7
  [1m[36mAttendee Load (0.8ms)[0m  [1m[34mSELECT "attendees".* FROM "attendees"[0m
  ↳ db/seeds.rb:10
  [1m[35m (0.2ms)[0m  [1m[35mBEGIN[0m
  ↳ db/seeds.rb:10
  [1m[36mAttendee Destroy (0.5ms)[0m  [1m[31mDELETE FROM "attendees" WHERE "attendees"."id" = $1[0m  [["id", 5]]
  ↳ db/seeds.rb:10
  [1m[35m (0.5ms)[0m  [1m[35mCOMMIT[0m
  ↳ db/seeds.rb:10
  [1m[35m (0.2ms)[0m  [1m[35mBEGIN[0m
  ↳ db/seeds.rb:10
  [1m[36mAttendee Destroy (0.5ms)[0m  [1m[31mDELETE FROM "attendees" WHERE "attendees"."id" = $1[0m  [["id", 6]]
  ↳ db/seeds.rb:10
  [1m[35m (0.7ms)[0m  [1m[35mCOMMIT[0m
  ↳ db/seeds.rb:10
  [1m[35m (0.7ms)[0m  [1m[35mBEGIN[0m
  ↳ db/seeds.rb:10
  [1m[36mAttendee Destroy (0.6ms)[0m  [1m[31mDELETE FROM "attendees" WHERE "attendees"."id" = $1[0m  [["id", 7]]
  ↳ db/seeds.rb:10
  [1m[35m (0.5ms)[0m  [1m[35mCOMMIT[0m
  ↳ db/seeds.rb:10
  [1m[35m (0.3ms)[0m  [1m[35mBEGIN[0m
  ↳ db/seeds.rb:10
  [1m[36mAttendee Destroy (0.6ms)[0m  [1m[31mDELETE FROM "attendees" WHERE "attendees"."id" = $1[0m  [["id", 8]]
  ↳ db/seeds.rb:10
  [1m[35m (0.5ms)[0m  [1m[35mCOMMIT[0m
  ↳ db/seeds.rb:10
  [1m[35m (0.3ms)[0m  [1m[35mBEGIN[0m
  ↳ db/seeds.rb:11
  [1m[36mAttendee Create (0.7ms)[0m  [1m[32mINSERT INTO "attendees" DEFAULT VALUES RETURNING "id"[0m
  ↳ db/seeds.rb:11
  [1m[35m (0.5ms)[0m  [1m[35mCOMMIT[0m
  ↳ db/seeds.rb:11
  [1m[35m (0.1ms)[0m  [1m[35mBEGIN[0m
  ↳ db/seeds.rb:12
  [1m[36mAttendee Create (0.4ms)[0m  [1m[32mINSERT INTO "attendees" DEFAULT VALUES RETURNING "id"[0m
  ↳ db/seeds.rb:12
  [1m[35m (0.6ms)[0m  [1m[35mCOMMIT[0m
  ↳ db/seeds.rb:12
  [1m[35m (0.3ms)[0m  [1m[35mBEGIN[0m
  ↳ db/seeds.rb:13
  [1m[36mAttendee Create (0.3ms)[0m  [1m[32mINSERT INTO "attendees" DEFAULT VALUES RETURNING "id"[0m
  ↳ db/seeds.rb:13
  [1m[35m (0.5ms)[0m  [1m[35mCOMMIT[0m
  ↳ db/seeds.rb:13
  [1m[35m (0.2ms)[0m  [1m[35mBEGIN[0m
  ↳ db/seeds.rb:14
  [1m[36mAttendee Create (0.7ms)[0m  [1m[32mINSERT INTO "attendees" DEFAULT VALUES RETURNING "id"[0m
  ↳ db/seeds.rb:14
  [1m[35m (0.5ms)[0m  [1m[35mCOMMIT[0m
  ↳ db/seeds.rb:14
  [1m[35m (0.5ms)[0m  [1m[34mSELECT COUNT(*) FROM "attendees"[0m
  ↳ db/seeds.rb:15
  [1m[36mLocation Load (1.0ms)[0m  [1m[34mSELECT "locations".* FROM "locations"[0m
  ↳ db/seeds.rb:17
  [1m[35m (0.5ms)[0m  [1m[35mBEGIN[0m
  ↳ db/seeds.rb:17
  [1m[36mLocation Destroy (0.6ms)[0m  [1m[31mDELETE FROM "locations" WHERE "locations"."id" = $1[0m  [["id", 5]]
  ↳ db/seeds.rb:17
  [1m[35m (0.7ms)[0m  [1m[35mCOMMIT[0m
  ↳ db/seeds.rb:17
  [1m[35m (0.4ms)[0m  [1m[35mBEGIN[0m
  ↳ db/seeds.rb:17
  [1m[36mLocation Destroy (0.5ms)[0m  [1m[31mDELETE FROM "locations" WHERE "locations"."id" = $1[0m  [["id", 6]]
  ↳ db/seeds.rb:17
  [1m[35m (0.4ms)[0m  [1m[35mCOMMIT[0m
  ↳ db/seeds.rb:17
  [1m[35m (0.4ms)[0m  [1m[35mBEGIN[0m
  ↳ db/seeds.rb:17
  [1m[36mLocation Destroy (1.0ms)[0m  [1m[31mDELETE FROM "locations" WHERE "locations"."id" = $1[0m  [["id", 7]]
  ↳ db/seeds.rb:17
  [1m[35m (0.5ms)[0m  [1m[35mCOMMIT[0m
  ↳ db/seeds.rb:17
  [1m[35m (0.4ms)[0m  [1m[35mBEGIN[0m
  ↳ db/seeds.rb:17
  [1m[36mLocation Destroy (0.8ms)[0m  [1m[31mDELETE FROM "locations" WHERE "locations"."id" = $1[0m  [["id", 8]]
  ↳ db/seeds.rb:17
  [1m[35m (0.6ms)[0m  [1m[35mCOMMIT[0m
  ↳ db/seeds.rb:17
  [1m[35m (0.3ms)[0m  [1m[35mBEGIN[0m
  ↳ db/seeds.rb:18
  [1m[36mLocation Create (1.1ms)[0m  [1m[32mINSERT INTO "locations" ("name") VALUES ($1) RETURNING "id"[0m  [["name", "Orange"]]
  ↳ db/seeds.rb:18
  [1m[35m (0.9ms)[0m  [1m[35mCOMMIT[0m
  ↳ db/seeds.rb:18
  [1m[35m (0.7ms)[0m  [1m[35mBEGIN[0m
  ↳ db/seeds.rb:19
  [1m[36mLocation Create (0.7ms)[0m  [1m[32mINSERT INTO "locations" ("name") VALUES ($1) RETURNING "id"[0m  [["name", "Hunter Valley"]]
  ↳ db/seeds.rb:19
  [1m[35m (0.7ms)[0m  [1m[35mCOMMIT[0m
  ↳ db/seeds.rb:19
  [1m[35m (0.2ms)[0m  [1m[35mBEGIN[0m
  ↳ db/seeds.rb:20
  [1m[36mLocation Create (0.6ms)[0m  [1m[32mINSERT INTO "locations" ("name") VALUES ($1) RETURNING "id"[0m  [["name", "Dubbo"]]
  ↳ db/seeds.rb:20
  [1m[35m (0.7ms)[0m  [1m[35mCOMMIT[0m
  ↳ db/seeds.rb:20
  [1m[35m (0.5ms)[0m  [1m[35mBEGIN[0m
  ↳ db/seeds.rb:21
  [1m[36mLocation Create (0.5ms)[0m  [1m[32mINSERT INTO "locations" ("name") VALUES ($1) RETURNING "id"[0m  [["name", "Byron Bay"]]
  ↳ db/seeds.rb:21
  [1m[35m (1.0ms)[0m  [1m[35mCOMMIT[0m
  ↳ db/seeds.rb:21
  [1m[35m (0.6ms)[0m  [1m[34mSELECT COUNT(*) FROM "locations"[0m
  ↳ db/seeds.rb:22
  [1m[36mTrip Load (7.3ms)[0m  [1m[34mSELECT "trips".* FROM "trips"[0m
  ↳ db/seeds.rb:24
  [1m[35m (0.6ms)[0m  [1m[35mBEGIN[0m
  ↳ db/seeds.rb:24
  [1m[36mTrip Destroy (3.0ms)[0m  [1m[31mDELETE FROM "trips" WHERE "trips"."id" = $1[0m  [["id", 5]]
  ↳ db/seeds.rb:24
  [1m[35m (10.8ms)[0m  [1m[35mCOMMIT[0m
  ↳ db/seeds.rb:24
  [1m[35m (0.8ms)[0m  [1m[35mBEGIN[0m
  ↳ db/seeds.rb:24
  [1m[36mTrip Destroy (1.0ms)[0m  [1m[31mDELETE FROM "trips" WHERE "trips"."id" = $1[0m  [["id", 6]]
  ↳ db/seeds.rb:24
  [1m[35m (0.4ms)[0m  [1m[35mCOMMIT[0m
  ↳ db/seeds.rb:24
  [1m[35m (0.4ms)[0m  [1m[35mBEGIN[0m
  ↳ db/seeds.rb:24
  [1m[36mTrip Destroy (0.8ms)[0m  [1m[31mDELETE FROM "trips" WHERE "trips"."id" = $1[0m  [["id", 7]]
  ↳ db/seeds.rb:24
  [1m[35m (0.6ms)[0m  [1m[35mCOMMIT[0m
  ↳ db/seeds.rb:24
  [1m[35m (0.2ms)[0m  [1m[35mBEGIN[0m
  ↳ db/seeds.rb:24
  [1m[36mTrip Destroy (1.8ms)[0m  [1m[31mDELETE FROM "trips" WHERE "trips"."id" = $1[0m  [["id", 8]]
  ↳ db/seeds.rb:24
  [1m[35m (2.8ms)[0m  [1m[35mCOMMIT[0m
  ↳ db/seeds.rb:24
  [1m[35m (0.3ms)[0m  [1m[35mBEGIN[0m
  ↳ db/seeds.rb:25
  [1m[36mTrip Create (0.6ms)[0m  [1m[32mINSERT INTO "trips" ("dates") VALUES ($1) RETURNING "id"[0m  [["dates", "24/10/2021 - 31/10/2021"]]
  ↳ db/seeds.rb:25
  [1m[35m (0.6ms)[0m  [1m[35mCOMMIT[0m
  ↳ db/seeds.rb:25
  [1m[35m (0.4ms)[0m  [1m[35mBEGIN[0m
  ↳ db/seeds.rb:26
  [1m[36mTrip Create (2.0ms)[0m  [1m[32mINSERT INTO "trips" ("dates") VALUES ($1) RETURNING "id"[0m  [["dates", "20/11/2021 - 24/11/2021"]]
  ↳ db/seeds.rb:26
  [1m[35m (0.8ms)[0m  [1m[35mCOMMIT[0m
  ↳ db/seeds.rb:26
  [1m[35m (0.3ms)[0m  [1m[35mBEGIN[0m
  ↳ db/seeds.rb:27
  [1m[36mTrip Create (8.4ms)[0m  [1m[32mINSERT INTO "trips" ("dates") VALUES ($1) RETURNING "id"[0m  [["dates", "24/12/2021 - 31/12/2021"]]
  ↳ db/seeds.rb:27
  [1m[35m (0.5ms)[0m  [1m[35mCOMMIT[0m
  ↳ db/seeds.rb:27
  [1m[35m (0.1ms)[0m  [1m[35mBEGIN[0m
  ↳ db/seeds.rb:28
  [1m[36mTrip Create (0.3ms)[0m  [1m[32mINSERT INTO "trips" ("dates") VALUES ($1) RETURNING "id"[0m  [["dates", "24/01/2022 - 27/01/2022"]]
  ↳ db/seeds.rb:28
  [1m[35m (0.4ms)[0m  [1m[35mCOMMIT[0m
  ↳ db/seeds.rb:28
  [1m[35m (0.3ms)[0m  [1m[34mSELECT COUNT(*) FROM "trips"[0m
  ↳ db/seeds.rb:29
  [1m[35m (0.2ms)[0m  [1m[35mBEGIN[0m
  ↳ db/seeds.rb:34
  [1m[36mAttendee Update (6.0ms)[0m  [1m[33mUPDATE "attendees" SET "user_id" = $1 WHERE "attendees"."id" = $2[0m  [["user_id", 9], ["id", 9]]
  ↳ db/seeds.rb:34
  [1m[35m (0.5ms)[0m  [1m[35mCOMMIT[0m
  ↳ db/seeds.rb:34
  [1m[35m (0.1ms)[0m  [1m[35mBEGIN[0m
  ↳ db/seeds.rb:35
  [1m[36mAttendee Update (0.4ms)[0m  [1m[33mUPDATE "attendees" SET "user_id" = $1 WHERE "attendees"."id" = $2[0m  [["user_id", 10], ["id", 10]]
  ↳ db/seeds.rb:35
  [1m[35m (0.5ms)[0m  [1m[35mCOMMIT[0m
  ↳ db/seeds.rb:35
  [1m[35m (0.2ms)[0m  [1m[35mBEGIN[0m
  ↳ db/seeds.rb:36
  [1m[36mAttendee Update (0.4ms)[0m  [1m[33mUPDATE "attendees" SET "user_id" = $1 WHERE "attendees"."id" = $2[0m  [["user_id", 11], ["id", 11]]
  ↳ db/seeds.rb:36
  [1m[35m (0.5ms)[0m  [1m[35mCOMMIT[0m
  ↳ db/seeds.rb:36
  [1m[35m (0.2ms)[0m  [1m[35mBEGIN[0m
  ↳ db/seeds.rb:37
  [1m[36mAttendee Update (0.4ms)[0m  [1m[33mUPDATE "attendees" SET "user_id" = $1 WHERE "attendees"."id" = $2[0m  [["user_id", 12], ["id", 12]]
  ↳ db/seeds.rb:37
  [1m[35m (0.4ms)[0m  [1m[35mCOMMIT[0m
  ↳ db/seeds.rb:37
  [1m[35m (0.1ms)[0m  [1m[35mBEGIN[0m
  ↳ db/seeds.rb:40
  [1m[36mTrip Update (0.5ms)[0m  [1m[33mUPDATE "trips" SET "user_id" = $1 WHERE "trips"."id" = $2[0m  [["user_id", 10], ["id", 9]]
  ↳ db/seeds.rb:40
  [1m[35m (2.7ms)[0m  [1m[35mCOMMIT[0m
  ↳ db/seeds.rb:40
  [1m[35m (0.3ms)[0m  [1m[35mBEGIN[0m
  ↳ db/seeds.rb:41
  [1m[36mTrip Update (0.5ms)[0m  [1m[33mUPDATE "trips" SET "user_id" = $1 WHERE "trips"."id" = $2[0m  [["user_id", 9], ["id", 11]]
  ↳ db/seeds.rb:41
  [1m[35m (0.5ms)[0m  [1m[35mCOMMIT[0m
  ↳ db/seeds.rb:41
  [1m[35m (0.1ms)[0m  [1m[35mBEGIN[0m
  ↳ db/seeds.rb:42
  [1m[36mTrip Update (0.4ms)[0m  [1m[33mUPDATE "trips" SET "user_id" = $1 WHERE "trips"."id" = $2[0m  [["user_id", 11], ["id", 10]]
  ↳ db/seeds.rb:42
  [1m[35m (0.4ms)[0m  [1m[35mCOMMIT[0m
  ↳ db/seeds.rb:42
  [1m[35m (0.2ms)[0m  [1m[35mBEGIN[0m
  ↳ db/seeds.rb:45
  [1m[36mTrip Update (0.5ms)[0m  [1m[33mUPDATE "trips" SET "location_id" = $1 WHERE "trips"."id" = $2[0m  [["location_id", 9], ["id", 9]]
  ↳ db/seeds.rb:45
  [1m[35m (0.5ms)[0m  [1m[35mCOMMIT[0m
  ↳ db/seeds.rb:45
  [1m[35m (0.2ms)[0m  [1m[35mBEGIN[0m
  ↳ db/seeds.rb:46
  [1m[36mTrip Update (0.5ms)[0m  [1m[33mUPDATE "trips" SET "location_id" = $1 WHERE "trips"."id" = $2[0m  [["location_id", 10], ["id", 10]]
  ↳ db/seeds.rb:46
  [1m[35m (0.5ms)[0m  [1m[35mCOMMIT[0m
  ↳ db/seeds.rb:46
  [1m[35m (0.1ms)[0m  [1m[35mBEGIN[0m
  ↳ db/seeds.rb:47
  [1m[36mTrip Update (0.4ms)[0m  [1m[33mUPDATE "trips" SET "location_id" = $1 WHERE "trips"."id" = $2[0m  [["location_id", 11], ["id", 11]]
  ↳ db/seeds.rb:47
  [1m[35m (0.5ms)[0m  [1m[35mCOMMIT[0m
  ↳ db/seeds.rb:47
  [1m[35m (0.1ms)[0m  [1m[35mBEGIN[0m
  ↳ db/seeds.rb:48
  [1m[36mTrip Update (0.4ms)[0m  [1m[33mUPDATE "trips" SET "location_id" = $1 WHERE "trips"."id" = $2[0m  [["location_id", 12], ["id", 12]]
  ↳ db/seeds.rb:48
  [1m[35m (1.0ms)[0m  [1m[35mCOMMIT[0m
  ↳ db/seeds.rb:48
